<?xml version="1.0" encoding="UTF-8"?>
<testng-results skipped="0" failed="0" ignored="0" total="1" passed="1">
  <reporter-output>
  </reporter-output>
  <suite name="Default suite" duration-ms="6184" started-at="2021-05-20T03:59:31Z" finished-at="2021-05-20T03:59:37Z">
    <groups>
    </groups>
    <test name="Default test" duration-ms="6184" started-at="2021-05-20T03:59:31Z" finished-at="2021-05-20T03:59:37Z">
      <class name="test.LoginTest">
        <test-method status="PASS" signature="validUserShouldAbleToLogin()[pri:0, instance:test.LoginTest@4cc0edeb]" name="validUserShouldAbleToLogin" duration-ms="6159" started-at="2021-05-20T03:59:31Z" finished-at="2021-05-20T03:59:37Z">
          <reporter-output>
          </reporter-output>
        </test-method> <!-- validUserShouldAbleToLogin -->
      </class> <!-- test.LoginTest -->
    </test> <!-- Default test -->
  </suite> <!-- Default suite -->
</testng-results>
